<?xml version="1.0" encoding="UTF-8"?>
<coverage generated="1662087696110" clover="3.2.0">
  <project timestamp="1662087696111" name="All files">
    <metrics statements="24" coveredstatements="17" conditionals="6" coveredconditionals="5" methods="3" coveredmethods="2" elements="33" coveredelements="24" complexity="0" loc="24" ncloc="24" packages="1" files="1" classes="1"/>
    <file name="function.js" path="C:\Users\gusta\Desktop\Webpack projects\ToDoList partner review\To-Do-List-Review\src\components\test\mock\function.js">
      <metrics statements="24" coveredstatements="17" conditionals="6" coveredconditionals="5" methods="3" coveredmethods="2"/>
      <line num="1" count="1" type="stmt"/>
      <line num="2" count="1" type="stmt"/>
      <line num="3" count="3" type="stmt"/>
      <line num="4" count="3" type="cond" truecount="2" falsecount="0"/>
      <line num="5" count="2" type="stmt"/>
      <line num="10" count="2" type="stmt"/>
      <line num="11" count="2" type="cond" truecount="2" falsecount="0"/>
      <line num="14" count="2" type="stmt"/>
      <line num="15" count="2" type="stmt"/>
      <line num="16" count="3" type="stmt"/>
      <line num="18" count="2" type="stmt"/>
      <line num="20" count="3" type="stmt"/>
      <line num="21" count="3" type="stmt"/>
      <line num="24" count="1" type="stmt"/>
      <line num="25" count="1" type="stmt"/>
      <line num="26" count="1" type="cond" truecount="1" falsecount="1"/>
      <line num="27" count="1" type="stmt"/>
      <line num="28" count="0" type="stmt"/>
      <line num="29" count="0" type="stmt"/>
      <line num="30" count="0" type="stmt"/>
      <line num="31" count="0" type="stmt"/>
      <line num="32" count="0" type="stmt"/>
      <line num="33" count="0" type="stmt"/>
      <line num="35" count="0" type="stmt"/>
    </file>
  </project>
</coverage>
