{"C:\\Users\\gusta\\Desktop\\Webpack projects\\ToDoList partner review\\To-Do-List-Review\\src\\components\\test\\mock\\function.js": {"path":"C:\\Users\\gusta\\Desktop\\Webpack projects\\ToDoList partner review\\To-Do-List-Review\\src\\components\\test\\mock\\function.js","statementMap":{"0":{"start":{"line":1,"column":9},"end":{"line":1,"column":10}},"1":{"start":{"line":2,"column":15},"end":{"line":22,"column":1}},"2":{"start":{"line":3,"column":20},"end":{"line":3,"column":22}},"3":{"start":{"line":4,"column":2},"end":{"line":19,"column":3}},"4":{"start":{"line":5,"column":17},"end":{"line":9,"column":5}},"5":{"start":{"line":10,"column":4},"end":{"line":10,"column":25}},"6":{"start":{"line":11,"column":18},"end":{"line":13,"column":10}},"7":{"start":{"line":14,"column":4},"end":{"line":14,"column":21}},"8":{"start":{"line":15,"column":4},"end":{"line":17,"column":5}},"9":{"start":{"line":15,"column":17},"end":{"line":15,"column":18}},"10":{"start":{"line":16,"column":6},"end":{"line":16,"column":29}},"11":{"start":{"line":18,"column":4},"end":{"line":18,"column":56}},"12":{"start":{"line":20,"column":2},"end":{"line":20,"column":10}},"13":{"start":{"line":21,"column":2},"end":{"line":21,"column":19}},"14":{"start":{"line":24,"column":18},"end":{"line":37,"column":1}},"15":{"start":{"line":25,"column":17},"end":{"line":25,"column":49}},"16":{"start":{"line":26,"column":2},"end":{"line":36,"column":3}},"17":{"start":{"line":27,"column":4},"end":{"line":27,"column":40}},"18":{"start":{"line":28,"column":19},"end":{"line":28,"column":34}},"19":{"start":{"line":29,"column":19},"end":{"line":29,"column":33}},"20":{"start":{"line":30,"column":17},"end":{"line":30,"column":57}},"21":{"start":{"line":31,"column":23},"end":{"line":31,"column":61}},"22":{"start":{"line":31,"column":42},"end":{"line":31,"column":60}},"23":{"start":{"line":32,"column":4},"end":{"line":34,"column":5}},"24":{"start":{"line":32,"column":17},"end":{"line":32,"column":18}},"25":{"start":{"line":33,"column":6},"end":{"line":33,"column":34}},"26":{"start":{"line":35,"column":4},"end":{"line":35,"column":61}}},"fnMap":{"0":{"name":"(anonymous_0)","decl":{"start":{"line":2,"column":15},"end":{"line":2,"column":16}},"loc":{"start":{"line":2,"column":28},"end":{"line":22,"column":1}},"line":2},"1":{"name":"(anonymous_1)","decl":{"start":{"line":24,"column":18},"end":{"line":24,"column":19}},"loc":{"start":{"line":24,"column":29},"end":{"line":37,"column":1}},"line":24},"2":{"name":"(anonymous_2)","decl":{"start":{"line":31,"column":35},"end":{"line":31,"column":36}},"loc":{"start":{"line":31,"column":42},"end":{"line":31,"column":60}},"line":31}},"branchMap":{"0":{"loc":{"start":{"line":4,"column":2},"end":{"line":19,"column":3}},"type":"if","locations":[{"start":{"line":4,"column":2},"end":{"line":19,"column":3}},{"start":{},"end":{}}],"line":4},"1":{"loc":{"start":{"line":11,"column":18},"end":{"line":13,"column":10}},"type":"cond-expr","locations":[{"start":{"line":12,"column":8},"end":{"line":12,"column":48}},{"start":{"line":13,"column":8},"end":{"line":13,"column":10}}],"line":11},"2":{"loc":{"start":{"line":26,"column":2},"end":{"line":36,"column":3}},"type":"if","locations":[{"start":{"line":26,"column":2},"end":{"line":36,"column":3}},{"start":{},"end":{}}],"line":26}},"s":{"0":1,"1":1,"2":3,"3":3,"4":2,"5":2,"6":2,"7":2,"8":2,"9":2,"10":3,"11":2,"12":3,"13":3,"14":1,"15":1,"16":1,"17":1,"18":0,"19":0,"20":0,"21":0,"22":0,"23":0,"24":0,"25":0,"26":0},"f":{"0":3,"1":1,"2":0},"b":{"0":[2,1],"1":[1,1],"2":[1,0]},"_coverageSchema":"1a1c01bbd47fc00a2c39e90264f33305004495a9","hash":"7838ca785dfff23325c01e0f74d73cd45946beb1"}
}
